<?xml version="1.0" encoding="UTF-8"?>
<testng-results ignored="0" total="2" passed="2" failed="0" skipped="0">
  <reporter-output>
  </reporter-output>
  <suite started-at="2020-06-21T17:43:40Z" name="Default suite" finished-at="2020-06-21T17:44:11Z" duration-ms="31599">
    <groups>
    </groups>
    <test started-at="2020-06-21T17:43:40Z" name="Default test" finished-at="2020-06-21T17:44:11Z" duration-ms="31599">
      <class name="LoginTest">
        <test-method is-config="true" signature="stepUp()[pri:0, instance:LoginTest@723ca036]" started-at="2020-06-21T23:13:40Z" name="stepUp" finished-at="2020-06-21T23:13:50Z" duration-ms="10186" status="PASS">
          <reporter-output>
          </reporter-output>
        </test-method> <!-- stepUp -->
        <test-method signature="validateTitle()[pri:1, instance:LoginTest@723ca036]" started-at="2020-06-21T23:13:50Z" name="validateTitle" finished-at="2020-06-21T23:13:50Z" duration-ms="22" status="PASS">
          <reporter-output>
          </reporter-output>
        </test-method> <!-- validateTitle -->
        <test-method is-config="true" signature="stepUp()[pri:0, instance:LoginTest@723ca036]" started-at="2020-06-21T23:13:50Z" name="stepUp" finished-at="2020-06-21T23:13:58Z" duration-ms="7939" status="PASS">
          <reporter-output>
          </reporter-output>
        </test-method> <!-- stepUp -->
        <test-method signature="doLogin()[pri:2, instance:LoginTest@723ca036]" started-at="2020-06-21T23:13:58Z" name="doLogin" finished-at="2020-06-21T23:14:11Z" duration-ms="13420" status="PASS">
          <reporter-output>
          </reporter-output>
        </test-method> <!-- doLogin -->
      </class> <!-- LoginTest -->
    </test> <!-- Default test -->
  </suite> <!-- Default suite -->
</testng-results>
